<?xml version="1.0" encoding="UTF-8"?>
<testsuite xmlns:xsi="http://www.w3.org/2001/XMLSchema-instance" xsi:noNamespaceSchemaLocation="https://maven.apache.org/surefire/maven-surefire-plugin/xsd/surefire-test-report-3.0.xsd" version="3.0" name="com.erp.user.service.UserServiceTest" time="1.214" tests="5" errors="0" skipped="0" failures="0">
  <properties>
[...]
</properties>
  <testcase name="testLoginSuccess" classname="com.erp.user.service.UserServiceTest" time="1.18"/>
  <testcase name="testExistsByUsername" classname="com.erp.user.service.UserServiceTest" time="0.003"/>
  <testcase name="testGetUserByUsername" classname="com.erp.user.service.UserServiceTest" time="0.004"/>
  <testcase name="testExistsByUsernameNotFound" classname="com.erp.user.service.UserServiceTest" time="0.004"/>
  <testcase name="testRegisterSuccess" classname="com.erp.user.service.UserServiceTest" time="0.004"/>
</testsuite>